<?xml version="1.0" encoding="UTF-8"?>
<testExecutions version="1">
  <file path="C:\Users\caioc\Documents\pitch_it\src\components\Counter\Counter.test.jsx">
    <testCase name="Button is present after loading" duration="25"/>
    <testCase name="Button clicking increments value by 1" duration="9"/>
  </file>
</testExecutions>